0 info it worked if it ends with ok
1 verbose cli [ '/usr/bin/node', '/usr/bin/npm', 'run', 'build' ]
2 info using npm@3.10.10
3 info using node@v6.14.3
4 verbose run-script [ 'prebuild', 'build', 'postbuild' ]
5 info lifecycle src@0.1.17~prebuild: src@0.1.17
6 silly lifecycle src@0.1.17~prebuild: no script for prebuild, continuing
7 info lifecycle src@0.1.17~build: src@0.1.17
8 verbose lifecycle src@0.1.17~build: unsafe-perm in lifecycle true
9 verbose lifecycle src@0.1.17~build: PATH: /usr/lib/node_modules/npm/bin/node-gyp-bin:/home/john/projects/novote/node_modules/.bin:/home/john/bin:/home/john/.local/bin:/usr/local/sbin:/usr/local/bin:/usr/sbin:/usr/bin:/sbin:/bin:/usr/games:/usr/local/games:/snap/bin
10 verbose lifecycle src@0.1.17~build: CWD: /home/john/projects/novote
11 silly lifecycle src@0.1.17~build: Args: [ '-c',
11 silly lifecycle   'npm run add-version && mkdir -p build && npm run build-js && zip -r ./build/$npm_package_version.zip ./src/ && npm run post-build' ]
12 silly lifecycle src@0.1.17~build: Returned: code: 1  signal: null
13 info lifecycle src@0.1.17~build: Failed to exec build script
14 verbose stack Error: src@0.1.17 build: `npm run add-version && mkdir -p build && npm run build-js && zip -r ./build/$npm_package_version.zip ./src/ && npm run post-build`
14 verbose stack Exit status 1
14 verbose stack     at EventEmitter.<anonymous> (/usr/lib/node_modules/npm/lib/utils/lifecycle.js:255:16)
14 verbose stack     at emitTwo (events.js:106:13)
14 verbose stack     at EventEmitter.emit (events.js:191:7)
14 verbose stack     at ChildProcess.<anonymous> (/usr/lib/node_modules/npm/lib/utils/spawn.js:40:14)
14 verbose stack     at emitTwo (events.js:106:13)
14 verbose stack     at ChildProcess.emit (events.js:191:7)
14 verbose stack     at maybeClose (internal/child_process.js:920:16)
14 verbose stack     at Process.ChildProcess._handle.onexit (internal/child_process.js:230:5)
15 verbose pkgid src@0.1.17
16 verbose cwd /home/john/projects/novote
17 error Linux 4.13.0-45-generic
18 error argv "/usr/bin/node" "/usr/bin/npm" "run" "build"
19 error node v6.14.3
20 error npm  v3.10.10
21 error code ELIFECYCLE
22 error src@0.1.17 build: `npm run add-version && mkdir -p build && npm run build-js && zip -r ./build/$npm_package_version.zip ./src/ && npm run post-build`
22 error Exit status 1
23 error Failed at the src@0.1.17 build script 'npm run add-version && mkdir -p build && npm run build-js && zip -r ./build/$npm_package_version.zip ./src/ && npm run post-build'.
23 error Make sure you have the latest version of node.js and npm installed.
23 error If you do, this is most likely a problem with the src package,
23 error not with npm itself.
23 error Tell the author that this fails on your system:
23 error     npm run add-version && mkdir -p build && npm run build-js && zip -r ./build/$npm_package_version.zip ./src/ && npm run post-build
23 error You can get information on how to open an issue for this project with:
23 error     npm bugs src
23 error Or if that isn't available, you can get their info via:
23 error     npm owner ls src
23 error There is likely additional logging output above.
24 verbose exit [ 1, true ]
